[2m3:47:33 am[22m [31m[1m[vite][22m[39m [31mInternal server error: C:\Users\varun\Downloads\skillfit-gov7-20260505-235332\artifacts\skillfit\src\pages\interview.tsx: Unexpected token (560:8)

[0m [90m 558 |[31m   )[33m;[31m
 [90m 559 |[31m }
[31m[1m>[22m[31m[90m 560 |[31m         [33m:[31m undefined[33m;[31m
 [90m     |[31m         [31m[1m^[22m[31m
 [90m 561 |[31m       [36mif[31m (status [33m===[31m [35m409[31m) {
 [90m 562 |[31m         [36mawait[31m finishInterview()[33m;[31m
 [90m 563 |[31m         [36mreturn[31m[33m;[31m[0m[39m
  Plugin: [35mvite:react-babel[39m
  File: [36mC:/Users/varun/Downloads/skillfit-gov7-20260505-235332/artifacts/skillfit/src/pages/interview.tsx[39m:560:8
[33m  558 |    );
  559 |  }
  560 |          : undefined;
      |          ^
  561 |        if (status === 409) {
  562 |          await finishInterview();[39m
      at constructor (C:\Users\varun\Downloads\skillfit-gov7-20260505-235332\node_modules\.pnpm\@babel+parser@7.29.2\node_modules\@babel\parser\lib\index.js:365:19)
      at TypeScriptParserMixin.raise (C:\Users\varun\Downloads\skillfit-gov7-20260505-235332\node_modules\.pnpm\@babel+parser@7.29.2\node_modules\@babel\parser\lib\index.js:6599:19)
      at TypeScriptParserMixin.unexpected (C:\Users\varun\Downloads\skillfit-gov7-20260505-235332\node_modules\.pnpm\@babel+parser@7.29.2\node_modules\@babel\parser\lib\index.js:6619:16)
      at TypeScriptParserMixin.parseExprAtom (C:\Users\varun\Downloads\skillfit-gov7-20260505-235332\node_modules\.pnpm\@babel+parser@7.29.2\node_modules\@babel\parser\lib\index.js:11442:22)
      at TypeScriptParserMixin.parseExprAtom (C:\Users\varun\Downloads\skillfit-gov7-20260505-235332\node_modules\.pnpm\@babel+parser@7.29.2\node_modules\@babel\parser\lib\index.js:4764:20)
      at TypeScriptParserMixin.parseExprSubscripts (C:\Users\varun\Downloads\skillfit-gov7-20260505-235332\node_modules\.pnpm\@babel+parser@7.29.2\node_modules\@babel\parser\lib\index.js:11081:23)
      at TypeScriptParserMixin.parseUpdate (C:\Users\varun\Downloads\skillfit-gov7-20260505-235332\node_modules\.pnpm\@babel+parser@7.29.2\node_modules\@babel\parser\lib\index.js:11066:21)
      at TypeScriptParserMixin.parseMaybeUnary (C:\Users\varun\Downloads\skillfit-gov7-20260505-235332\node_modules\.pnpm\@babel+parser@7.29.2\node_modules\@babel\parser\lib\index.js:11046:23)
      at TypeScriptParserMixin.parseMaybeUnary (C:\Users\varun\Downloads\skillfit-gov7-20260505-235332\node_modules\.pnpm\@babel+parser@7.29.2\node_modules\@babel\parser\lib\index.js:9837:18)
      at TypeScriptParserMixin.parseMaybeUnaryOrPrivate (C:\Users\varun\Downloads\skillfit-gov7-20260505-235332\node_modules\.pnpm\@babel+parser@7.29.2\node_modules\@babel\parser\lib\index.js:10899:61)
      at TypeScriptParserMixin.parseExprOps (C:\Users\varun\Downloads\skillfit-gov7-20260505-235332\node_modules\.pnpm\@babel+parser@7.29.2\node_modules\@babel\parser\lib\index.js:10904:23)
      at TypeScriptParserMixin.parseMaybeConditional (C:\Users\varun\Downloads\skillfit-gov7-20260505-235332\node_modules\.pnpm\@babel+parser@7.29.2\node_modules\@babel\parser\lib\index.js:10881:23)
      at TypeScriptParserMixin.parseMaybeAssign (C:\Users\varun\Downloads\skillfit-gov7-20260505-235332\node_modules\.pnpm\@babel+parser@7.29.2\node_modules\@babel\parser\lib\index.js:10831:21)
      at TypeScriptParserMixin.parseMaybeAssign (C:\Users\varun\Downloads\skillfit-gov7-20260505-235332\node_modules\.pnpm\@babel+parser@7.29.2\node_modules\@babel\parser\lib\index.js:9786:20)
      at TypeScriptParserMixin.parseExpressionBase (C:\Users\varun\Downloads\skillfit-gov7-20260505-235332\node_modules\.pnpm\@babel+parser@7.29.2\node_modules\@babel\parser\lib\index.js:10784:23)
      at C:\Users\varun\Downloads\skillfit-gov7-20260505-235332\node_modules\.pnpm\@babel+parser@7.29.2\node_modules\@babel\parser\lib\index.js:10780:39
      at TypeScriptParserMixin.allowInAnd (C:\Users\varun\Downloads\skillfit-gov7-20260505-235332\node_modules\.pnpm\@babel+parser@7.29.2\node_modules\@babel\parser\lib\index.js:12421:16)
      at TypeScriptParserMixin.parseExpression (C:\Users\varun\Downloads\skillfit-gov7-20260505-235332\node_modules\.pnpm\@babel+parser@7.29.2\node_modules\@babel\parser\lib\index.js:10780:17)
      at TypeScriptParserMixin.parseStatementContent (C:\Users\varun\Downloads\skillfit-gov7-20260505-235332\node_modules\.pnpm\@babel+parser@7.29.2\node_modules\@babel\parser\lib\index.js:12895:23)
      at TypeScriptParserMixin.parseStatementContent (C:\Users\varun\Downloads\skillfit-gov7-20260505-235332\node_modules\.pnpm\@babel+parser@7.29.2\node_modules\@babel\parser\lib\index.js:9508:18)
      at TypeScriptParserMixin.parseStatementLike (C:\Users\varun\Downloads\skillfit-gov7-20260505-235332\node_modules\.pnpm\@babel+parser@7.29.2\node_modules\@babel\parser\lib\index.js:12767:17)
      at TypeScriptParserMixin.parseModuleItem (C:\Users\varun\Downloads\skillfit-gov7-20260505-235332\node_modules\.pnpm\@babel+parser@7.29.2\node_modules\@babel\parser\lib\index.js:12744:17)
      at TypeScriptParserMixin.parseBlockOrModuleBlockBody (C:\Users\varun\Downloads\skillfit-gov7-20260505-235332\node_modules\.pnpm\@babel+parser@7.29.2\node_modules\@babel\parser\lib\index.js:13316:36)
      at TypeScriptParserMixin.parseBlockBody (C:\Users\varun\Downloads\skillfit-gov7-20260505-235332\node_modules\.pnpm\@babel+parser@7.29.2\node_modules\@babel\parser\lib\index.js:13309:10)
      at TypeScriptParserMixin.parseProgram (C:\Users\varun\Downloads\skillfit-gov7-20260505-235332\node_modules\.pnpm\@babel+parser@7.29.2\node_modules\@babel\parser\lib\index.js:12622:10)
      at TypeScriptParserMixin.parseTopLevel (C:\Users\varun\Downloads\skillfit-gov7-20260505-235332\node_modules\.pnpm\@babel+parser@7.29.2\node_modules\@babel\parser\lib\index.js:12612:25)
      at TypeScriptParserMixin.parse (C:\Users\varun\Downloads\skillfit-gov7-20260505-235332\node_modules\.pnpm\@babel+parser@7.29.2\node_modules\@babel\parser\lib\index.js:14488:25)
      at TypeScriptParserMixin.parse (C:\Users\varun\Downloads\skillfit-gov7-20260505-235332\node_modules\.pnpm\@babel+parser@7.29.2\node_modules\@babel\parser\lib\index.js:10126:18)
      at parse (C:\Users\varun\Downloads\skillfit-gov7-20260505-235332\node_modules\.pnpm\@babel+parser@7.29.2\node_modules\@babel\parser\lib\index.js:14522:38)
      at parser (C:\Users\varun\Downloads\skillfit-gov7-20260505-235332\node_modules\.pnpm\@babel+core@7.29.0\node_modules\@babel\core\lib\parser\index.js:41:34)
      at parser.next (<anonymous>)
      at normalizeFile (C:\Users\varun\Downloads\skillfit-gov7-20260505-235332\node_modules\.pnpm\@babel+core@7.29.0\node_modules\@babel\core\lib\transformation\normalize-file.js:64:37)
      at normalizeFile.next (<anonymous>)
      at run (C:\Users\varun\Downloads\skillfit-gov7-20260505-235332\node_modules\.pnpm\@babel+core@7.29.0\node_modules\@babel\core\lib\transformation\index.js:22:50)
      at run.next (<anonymous>)
      at transform (C:\Users\varun\Downloads\skillfit-gov7-20260505-235332\node_modules\.pnpm\@babel+core@7.29.0\node_modules\@babel\core\lib\transform.js:22:33)
      at transform.next (<anonymous>)
      at step (C:\Users\varun\Downloads\skillfit-gov7-20260505-235332\node_modules\.pnpm\gensync@1.0.0-beta.2\node_modules\gensync\index.js:261:32)
      at C:\Users\varun\Downloads\skillfit-gov7-20260505-235332\node_modules\.pnpm\gensync@1.0.0-beta.2\node_modules\gensync\index.js:273:13
      at async.call.result.err.err (C:\Users\varun\Downloads\skillfit-gov7-20260505-235332\node_modules\.pnpm\gensync@1.0.0-beta.2\node_modules\gensync\index.js:223:11)
      at C:\Users\varun\Downloads\skillfit-gov7-20260505-235332\node_modules\.pnpm\gensync@1.0.0-beta.2\node_modules\gensync\index.js:189:28
      at C:\Users\varun\Downloads\skillfit-gov7-20260505-235332\node_modules\.pnpm\@babel+core@7.29.0\node_modules\@babel\core\lib\gensync-utils\async.js:67:7
      at C:\Users\varun\Downloads\skillfit-gov7-20260505-235332\node_modules\.pnpm\gensync@1.0.0-beta.2\node_modules\gensync\index.js:113:33
      at step (C:\Users\varun\Downloads\skillfit-gov7-20260505-235332\node_modules\.pnpm\gensync@1.0.0-beta.2\node_modules\gensync\index.js:287:14)
      at C:\Users\varun\Downloads\skillfit-gov7-20260505-235332\node_modules\.pnpm\gensync@1.0.0-beta.2\node_modules\gensync\index.js:273:13
      at async.call.result.err.err (C:\Users\varun\Downloads\skillfit-gov7-20260505-235332\node_modules\.pnpm\gensync@1.0.0-beta.2\node_modules\gensync\index.js:223:11)
